<?xml version="1.0" encoding="UTF-8"?>
<!-- Generated by org.testng.reporters.JUnitReportReporter -->
<testsuite skipped="0" hostname="Stephens-MBP.attlocal.net" name="com.pizzeria.training.repositories.PizzaRepositoryTest" tests="2" failures="0" timestamp="10 Nov 2020 21:14:21 GMT" time="0.172" errors="0">
  <testcase name="save" time="0.016" classname="com.pizzeria.training.repositories.PizzaRepositoryTest"/>
  <testcase name="findAll" time="0.156" classname="com.pizzeria.training.repositories.PizzaRepositoryTest"/>
</testsuite> <!-- com.pizzeria.training.repositories.PizzaRepositoryTest -->
