<?xml version="1.0" encoding="UTF-8"?>
<!-- Generated by org.testng.reporters.JUnitReportReporter -->
<testsuite skipped="0" hostname="MacBook-Pro.attlocal.net" name="com.pizzeria.training.models.PizzaModelTestNGTest" tests="5" failures="0" timestamp="16 Nov 2020 21:41:24 GMT" time="0.011" errors="0">
  <testcase name="allArgsConstructor" time="0.007" classname="com.pizzeria.training.models.PizzaModelTestNGTest"/>
  <testcase name="setters" time="0.000" classname="com.pizzeria.training.models.PizzaModelTestNGTest"/>
  <testcase name="toStringTest" time="0.001" classname="com.pizzeria.training.models.PizzaModelTestNGTest"/>
  <testcase name="noArgsConstructor" time="0.001" classname="com.pizzeria.training.models.PizzaModelTestNGTest"/>
  <testcase name="equalsHashcode" time="0.002" classname="com.pizzeria.training.models.PizzaModelTestNGTest"/>
</testsuite> <!-- com.pizzeria.training.models.PizzaModelTestNGTest -->
