<?xml version="1.0" encoding="UTF-8"?>
<!-- Generated by org.testng.reporters.JUnitReportReporter -->
<testsuite skipped="0" hostname="Stephens-MBP.attlocal.net" name="com.pizzeria.training.models.PizzaModelTestNGTest" tests="1" failures="0" timestamp="10 Nov 2020 19:07:51 GMT" time="0.012" errors="0">
  <testcase name="equalsHashcode" time="0.012" classname="com.pizzeria.training.models.PizzaModelTestNGTest"/>
</testsuite> <!-- com.pizzeria.training.models.PizzaModelTestNGTest -->
